rm -f *.o *~
rm -f uwhich `whoami`-`date +%Y%m%d%H%M%S`-uwhich.tar.gz
tar cvf `whoami`-`date +%Y%m%d%H%M%S`-uwhich.tar Makefile *.h *.c DOC
Makefile
bash.h
bash.c
uwhich.c
DOC
gzip `whoami`-`date +%Y%m%d%H%M%S`-uwhich.tar
HANDIN=`pwd`/`whoami`-`date +%Y%m%d%H%M%S`-uwhich.tar.gz;\
cd testsuite;\
sh ./run_testcase.sh ${HANDIN};
Testing /home/jhb348/uwhich/jhb348-20101003162030-uwhich.tar.gz

UNTAR
/tmp/cs343.tests.ob1560
Makefile
bash.h
bash.c
uwhich.c
DOC

COMPILE
0 warning(s) found while compiling
0 error(s) found while compiling

Version
uwhich - A micro-which project for Northwestern EECS 343.
Adapted from GNU which v2.20, Copyright (C) 1999-2008 Carlo Wood.

Usage
Usage: uwhich [options] [--] COMMAND [...]
Write the full path of COMMAND(s) to standard output.

  --version, -[vV] Print version and exit successfully.
  --help,          Print this help and exit successfully.
  --skip-dot       Skip directories in PATH that start with a dot.
  --skip-tilde     Skip directories in PATH that start with a tilde.
  --show-dot       Don't expand a dot to current directory in output.
  --show-tilde     Output a tilde for HOME directory for non-root.
  --all, -a        Print all matches in PATH, not just the first

THE PATH, BEFORE BASIC TEST CASES:
/usr/lib/qt-3.3/bin:/usr/kerberos/bin:/usr/local/bin:/bin:/usr/bin:/usr/X11R6/bin:/home/jhb348/bin:/tmp/cs343.tests.qV1562:/sbin:~/eecs343.dir.in.home

THE FILES WE'VE CREATED FOR THESE TESTS:
-rwxr--r--  1 jhb348 users 0 Oct  3 16:20 /tmp/cs343.tests.qV1562/eecs343_execable_file
-rw-r--r--  1 jhb348 users 0 Oct  3 16:20 /tmp/cs343.tests.qV1562/eecs343_not_execable_file
-rwxr--r--  1 jhb348 users 0 Oct  3 15:33 /home/jhb348/eecs343_execable_in_home
-rwxr--r--  1 jhb348 users 0 Oct  3 15:33 /home/jhb348/eecs343.dir.in.home/eecs343_execable_in_home_subdir
-rwxr--r--  1 jhb348 users 0 Oct  3 15:33 /home/jhb348/eecs343.dir.in.home/ls

RUN BASIC TEST CASES
test1: PASS
test2: PASS
test3: PASS
test4: FAILED
ARGUMENTS: --skip-dot --all ls
-- HOW IT SHOULD BE ------------------------------------------------------------ YOUR PROGRAM --------------------------------------------------------------
/bin/ls										/bin/ls
/tmp/cs343.tests.qV1562/ls							/tmp/cs343.tests.qV1562/ls
/home/jhb348/eecs343.dir.in.home/ls					      <
------------------------------------------------------------------------------------------------------------------------------------------------------------
test5: PASS
test6: PASS
test7: PASS
test8: PASS
test9: FAILED
ARGUMENTS: --skip-dot eecs343_execable_in_home_subdir
-- HOW IT SHOULD BE ------------------------------------------------------------ YOUR PROGRAM --------------------------------------------------------------
/home/jhb348/eecs343.dir.in.home/eecs343_execable_in_home_subdir	      |	which: no eecs343_execable_in_home_subdir in (/usr/lib/qt-3.3/bin:/usr/kerber
------------------------------------------------------------------------------------------------------------------------------------------------------------
test10: FAILED
ARGUMENTS: --skip-dot --show-tilde eecs343_execable_in_home_subdir
-- HOW IT SHOULD BE ------------------------------------------------------------ YOUR PROGRAM --------------------------------------------------------------
~/eecs343.dir.in.home/eecs343_execable_in_home_subdir			      |	which: no eecs343_execable_in_home_subdir in (/usr/lib/qt-3.3/bin:/usr/kerber
------------------------------------------------------------------------------------------------------------------------------------------------------------
test11: FAILED
ARGUMENTS: --skip-dot ~/eecs343_execable_in_home
-- HOW IT SHOULD BE ------------------------------------------------------------ YOUR PROGRAM --------------------------------------------------------------
/home/jhb348/eecs343_execable_in_home					      |	which: no eecs343_execable_in_home in (~)
------------------------------------------------------------------------------------------------------------------------------------------------------------
test12: FAILED
ARGUMENTS: --skip-dot --show-tilde ~/eecs343_execable_in_home
-- HOW IT SHOULD BE ------------------------------------------------------------ YOUR PROGRAM --------------------------------------------------------------
~/eecs343_execable_in_home						      |	which: no eecs343_execable_in_home in (~)
------------------------------------------------------------------------------------------------------------------------------------------------------------

-=-=-=-=-=-=-=-=-=-=-=-=-=-=-=
7 basic test cases passed

THE PATH, BEFORE EXTRA CREDIT TEST CASES:
/usr/lib/qt-3.3/bin:/usr/kerberos/bin:/usr/local/bin:/bin:/usr/bin:/usr/X11R6/bin:/home/jhb348/bin:/tmp/cs343.tests.qV1562:/sbin:~/eecs343.dir.in.home:./subdir

CURRENT WORKING DIRECTORY:
/tmp/cs343.tests.cp1561

THE FILES WE'VE CREATED FOR THE EXTRA CREDIT TESTS:
-rwxr--r--  1 jhb348 users 0 Oct  3 16:20 ./subdir/eecs343_execable_in_subdir
-rwxr--r--  1 jhb348 users 0 Oct  3 16:20 ./subdir2/eecs343_execable_in_subdir2

RUN EXTRA CREDIT TEST CASES
test13: FAILED
ARGUMENTS: eecs343_execable_in_subdir
-- HOW IT SHOULD BE ------------------------------------------------------------ YOUR PROGRAM --------------------------------------------------------------
/tmp/cs343.tests.cp1561/subdir/eecs343_execable_in_subdir		      |	Can't get current working directory
------------------------------------------------------------------------------------------------------------------------------------------------------------
test14: FAILED
ARGUMENTS: --show-dot eecs343_execable_in_subdir
-- HOW IT SHOULD BE ------------------------------------------------------------ YOUR PROGRAM --------------------------------------------------------------
./subdir/eecs343_execable_in_subdir					      |	Can't get current working directory
------------------------------------------------------------------------------------------------------------------------------------------------------------
test15: FAILED
ARGUMENTS: subdir2/eecs343_execable_in_subdir2
-- HOW IT SHOULD BE ------------------------------------------------------------ YOUR PROGRAM --------------------------------------------------------------
/tmp/cs343.tests.cp1561/subdir2/eecs343_execable_in_subdir2		      |	Can't get current working directory
------------------------------------------------------------------------------------------------------------------------------------------------------------
test16: FAILED
ARGUMENTS: --show-dot subdir2/eecs343_execable_in_subdir2
-- HOW IT SHOULD BE ------------------------------------------------------------ YOUR PROGRAM --------------------------------------------------------------
./subdir2/eecs343_execable_in_subdir2					      |	Can't get current working directory
------------------------------------------------------------------------------------------------------------------------------------------------------------

-=-=-=-=-=-=-=-=-=-=-=-=-=-=-=
0 extra credit test cases passed

CHECK FOR MEMORY LEAKS
0 possible leaks
1 leaks
0 still reachable
